19:11:36.419 [main] INFO  BaseTest.BaseTest - In Create Boards Method
19:18:06.678 [main] INFO  BaseTest.BaseTest - In Create Boards Method
19:43:57.481 [main] INFO  BaseTest.BaseTest - In Create Boards Method
22:26:37.658 [main] INFO  BaseTest.BaseTest - In Create Boards Method
22:27:22.004 [main] INFO  BaseTest.BaseTest - In Create Boards Method
22:29:54.399 [main] INFO  BaseTest.BaseTest - In Create Boards Method
22:30:42.827 [main] INFO  BaseTest.BaseTest - In Create Boards Method
22:32:46.024 [main] INFO  BaseTest.BaseTest - In Create Boards Method
22:44:37.275 [main] INFO  BaseTest.BaseTest - In Create Boards Method
22:45:25.302 [main] INFO  BaseTest.BaseTest - In Create Boards Method
22:45:25.945 [main] INFO  BaseTest.BaseTest - Updated Board
22:45:26.536 [main] INFO  BaseTest.BaseTest - In Get Boards Method
22:45:27.315 [main] INFO  BaseTest.BaseTest - In Delete Boards Method
23:04:25.225 [main] INFO  BaseTest.BaseTest - In Create Boards Method
23:12:12.492 [main] INFO  BaseTest.BaseTest - In Create Boards Method
23:12:13.179 [main] INFO  BaseTest.BaseTest - Updated Board
23:12:13.803 [main] INFO  BaseTest.BaseTest - In Get Boards Method
23:12:14.624 [main] INFO  BaseTest.BaseTest - In Delete Boards Method
23:16:12.663 [main] INFO  BaseTest.BaseTest - In Create Card Method
23:16:13.280 [main] INFO  BaseTest.BaseTest - In Update Card Method
23:16:13.810 [main] INFO  BaseTest.BaseTest - In Get Card Method
23:16:14.912 [main] INFO  BaseTest.BaseTest - In Delete Lable Method
23:16:15.546 [main] INFO  BaseTest.BaseTest - In Delete Card Method
23:16:51.442 [main] INFO  BaseTest.BaseTest - In Create List Method
23:16:52.026 [main] INFO  BaseTest.BaseTest - In Update List Method
23:16:52.555 [main] INFO  BaseTest.BaseTest - In Get Card Method
23:16:53.126 [main] INFO  BaseTest.BaseTest - In Archive List Method
23:17:41.776 [main] INFO  BaseTest.BaseTest - In Create Boards Method
23:17:42.508 [main] INFO  BaseTest.BaseTest - In Create Card Method
23:17:43.196 [main] INFO  BaseTest.BaseTest - In Create List Method
10:18:19.904 [main] INFO  BaseTest.BaseTest - In Create Boards Method
10:18:20.480 [main] INFO  BaseTest.BaseTest - Updated Board
10:18:21.017 [main] INFO  BaseTest.BaseTest - In Get Boards Method
10:18:21.815 [main] INFO  BaseTest.BaseTest - In Delete Boards Method
10:18:22.487 [main] INFO  BaseTest.BaseTest - In Create Card Method
10:18:23.065 [main] INFO  BaseTest.BaseTest - In Update Card Method
10:18:23.600 [main] INFO  BaseTest.BaseTest - In Get Card Method
10:18:24.737 [main] INFO  BaseTest.BaseTest - In Delete Lable Method
10:18:25.346 [main] INFO  BaseTest.BaseTest - In Delete Card Method
10:18:25.885 [main] INFO  BaseTest.BaseTest - In Create List Method
10:18:26.427 [main] INFO  BaseTest.BaseTest - In Update List Method
10:18:26.947 [main] INFO  BaseTest.BaseTest - In Get Card Method
10:18:27.494 [main] INFO  BaseTest.BaseTest - In Archive List Method
10:45:39.987 [main] INFO  BaseTest.BaseTest - In Create Boards Method
10:45:40.574 [main] INFO  BaseTest.BaseTest - Updated Board
10:45:41.105 [main] INFO  BaseTest.BaseTest - In Get Boards Method
10:45:41.831 [main] INFO  BaseTest.BaseTest - In Delete Boards Method
10:45:42.464 [main] INFO  BaseTest.BaseTest - In Create Card Method
10:45:43.039 [main] INFO  BaseTest.BaseTest - In Update Card Method
10:45:43.541 [main] INFO  BaseTest.BaseTest - In Get Card Method
10:45:44.047 [main] INFO  BaseTest.BaseTest - In Delete Lable Method
10:45:44.649 [main] INFO  BaseTest.BaseTest - In Delete Card Method
10:45:45.216 [main] INFO  BaseTest.BaseTest - In Create List Method
10:45:45.765 [main] INFO  BaseTest.BaseTest - In Update List Method
10:45:46.263 [main] INFO  BaseTest.BaseTest - In Get Card Method
10:45:46.814 [main] INFO  BaseTest.BaseTest - In Archive List Method
10:46:33.050 [main] INFO  BaseTest.BaseTest - In Create Boards Method
10:46:33.647 [main] INFO  BaseTest.BaseTest - Updated Board
10:46:34.190 [main] INFO  BaseTest.BaseTest - In Get Boards Method
10:46:34.944 [main] INFO  BaseTest.BaseTest - In Delete Boards Method
10:46:35.554 [main] INFO  BaseTest.BaseTest - In Create Card Method
10:46:36.141 [main] INFO  BaseTest.BaseTest - In Update Card Method
10:46:36.656 [main] INFO  BaseTest.BaseTest - In Get Card Method
10:46:37.152 [main] INFO  BaseTest.BaseTest - In Delete Lable Method
10:46:37.747 [main] INFO  BaseTest.BaseTest - In Delete Card Method
10:46:38.345 [main] INFO  BaseTest.BaseTest - In Create List Method
10:46:38.908 [main] INFO  BaseTest.BaseTest - In Update List Method
10:46:39.431 [main] INFO  BaseTest.BaseTest - In Get Card Method
10:46:39.968 [main] INFO  BaseTest.BaseTest - In Archive List Method
